2025-05-21 01:22:53,525 [INFO] [31m[1mWARNING: This is a development server. Do not use it in a production deployment. Use a production WSGI server instead.[0m
 * Running on http://127.0.0.1:5000
2025-05-21 01:22:53,525 [INFO] [33mPress CTRL+C to quit[0m
2025-05-21 01:22:53,526 [INFO]  * Restarting with stat
2025-05-21 01:22:53,745 [WARNING]  * Debugger is active!
2025-05-21 01:22:53,753 [INFO]  * Debugger PIN: 686-268-354
2025-05-21 01:22:56,718 [ERROR] Unhandled exception occurred
Traceback (most recent call last):
  File "/home/ghindea/bcr-hackathon/venv/lib/python3.12/site-packages/flask/app.py", line 917, in full_dispatch_request
    rv = self.dispatch_request()
         ^^^^^^^^^^^^^^^^^^^^^^^
  File "/home/ghindea/bcr-hackathon/venv/lib/python3.12/site-packages/flask/app.py", line 891, in dispatch_request
    self.raise_routing_exception(req)
  File "/home/ghindea/bcr-hackathon/venv/lib/python3.12/site-packages/flask/app.py", line 500, in raise_routing_exception
    raise request.routing_exception  # type: ignore[misc]
    ^^^^^^^^^^^^^^^^^^^^^^^^^^^^^^^
  File "/home/ghindea/bcr-hackathon/venv/lib/python3.12/site-packages/flask/ctx.py", line 362, in match_request
    result = self.url_adapter.match(return_rule=True)  # type: ignore
             ^^^^^^^^^^^^^^^^^^^^^^^^^^^^^^^^^^^^^^^^
  File "/home/ghindea/bcr-hackathon/venv/lib/python3.12/site-packages/werkzeug/routing/map.py", line 629, in match
    raise NotFound() from None
werkzeug.exceptions.NotFound: 404 Not Found: The requested URL was not found on the server. If you entered the URL manually please check your spelling and try again.
2025-05-21 01:22:56,722 [INFO] 127.0.0.1 - - [21/May/2025 01:22:56] "[35m[1mGET / HTTP/1.1[0m" 500 -
2025-05-21 01:24:33,814 [INFO] [31m[1mWARNING: This is a development server. Do not use it in a production deployment. Use a production WSGI server instead.[0m
 * Running on http://127.0.0.1:5000
2025-05-21 01:24:33,814 [INFO] [33mPress CTRL+C to quit[0m
2025-05-21 01:24:33,816 [INFO]  * Restarting with stat
2025-05-21 01:24:34,033 [WARNING]  * Debugger is active!
2025-05-21 01:24:34,035 [INFO]  * Debugger PIN: 686-268-354
2025-05-21 01:25:05,122 [INFO]  * Detected change in '/home/ghindea/bcr-hackathon/backend/app.py', reloading
2025-05-21 01:25:05,187 [INFO]  * Restarting with stat
2025-05-21 01:31:48,924 [INFO] [31m[1mWARNING: This is a development server. Do not use it in a production deployment. Use a production WSGI server instead.[0m
 * Running on http://127.0.0.1:5000
2025-05-21 01:31:48,925 [INFO] [33mPress CTRL+C to quit[0m
2025-05-21 01:31:48,927 [INFO]  * Restarting with stat
2025-05-21 01:31:49,135 [WARNING]  * Debugger is active!
2025-05-21 01:31:49,138 [INFO]  * Debugger PIN: 686-268-354
2025-05-21 01:32:13,486 [INFO] User admin logged in.
2025-05-21 01:32:13,487 [INFO] 127.0.0.1 - - [21/May/2025 01:32:13] "POST /login HTTP/1.1" 200 -
2025-05-21 01:32:53,140 [INFO] admin accessed /calculate-mortgage
2025-05-21 01:32:53,454 [INFO] 127.0.0.1 - - [21/May/2025 01:32:53] "POST /calculate-mortgage HTTP/1.1" 200 -
2025-05-21 01:33:16,109 [INFO]  * Detected change in '/home/ghindea/bcr-hackathon/backend/app.py', reloading
2025-05-21 01:33:16,172 [INFO]  * Restarting with stat
2025-05-21 01:33:16,441 [WARNING]  * Debugger is active!
2025-05-21 01:33:16,443 [INFO]  * Debugger PIN: 686-268-354
2025-05-21 01:33:21,955 [ERROR] Unhandled exception occurred
Traceback (most recent call last):
  File "/home/ghindea/bcr-hackathon/venv/lib/python3.12/site-packages/flask/app.py", line 917, in full_dispatch_request
    rv = self.dispatch_request()
         ^^^^^^^^^^^^^^^^^^^^^^^
  File "/home/ghindea/bcr-hackathon/venv/lib/python3.12/site-packages/flask/app.py", line 891, in dispatch_request
    self.raise_routing_exception(req)
  File "/home/ghindea/bcr-hackathon/venv/lib/python3.12/site-packages/flask/app.py", line 500, in raise_routing_exception
    raise request.routing_exception  # type: ignore[misc]
    ^^^^^^^^^^^^^^^^^^^^^^^^^^^^^^^
  File "/home/ghindea/bcr-hackathon/venv/lib/python3.12/site-packages/flask/ctx.py", line 362, in match_request
    result = self.url_adapter.match(return_rule=True)  # type: ignore
             ^^^^^^^^^^^^^^^^^^^^^^^^^^^^^^^^^^^^^^^^
  File "/home/ghindea/bcr-hackathon/venv/lib/python3.12/site-packages/werkzeug/routing/map.py", line 629, in match
    raise NotFound() from None
werkzeug.exceptions.NotFound: 404 Not Found: The requested URL was not found on the server. If you entered the URL manually please check your spelling and try again.
2025-05-21 01:33:21,958 [INFO] 127.0.0.1 - - [21/May/2025 01:33:21] "[35m[1mGET / HTTP/1.1[0m" 500 -
2025-05-21 01:36:57,441 [INFO]  * Detected change in '/home/ghindea/bcr-hackathon/backend/app.py', reloading
2025-05-21 01:36:57,488 [INFO]  * Restarting with stat
2025-05-21 01:36:57,708 [WARNING]  * Debugger is active!
2025-05-21 01:36:57,710 [INFO]  * Debugger PIN: 686-268-354
2025-05-21 01:37:03,011 [INFO] 127.0.0.1 - - [21/May/2025 01:37:03] "GET / HTTP/1.1" 200 -
2025-05-21 01:37:24,702 [INFO]  * Detected change in '/home/ghindea/bcr-hackathon/backend/app.py', reloading
2025-05-21 01:37:24,745 [INFO]  * Restarting with stat
2025-05-21 01:37:24,978 [WARNING]  * Debugger is active!
2025-05-21 01:37:24,980 [INFO]  * Debugger PIN: 686-268-354
2025-05-21 01:37:27,037 [INFO] 127.0.0.1 - - [21/May/2025 01:37:27] "GET / HTTP/1.1" 200 -
2025-05-21 01:40:44,017 [INFO]  * Detected change in '/home/ghindea/bcr-hackathon/backend/app.py', reloading
2025-05-21 01:40:44,082 [INFO]  * Restarting with stat
2025-05-21 01:40:44,360 [WARNING]  * Debugger is active!
2025-05-21 01:40:44,362 [INFO]  * Debugger PIN: 686-268-354
2025-05-21 01:42:35,960 [INFO]  * Detected change in '/home/ghindea/bcr-hackathon/backend/app.py', reloading
2025-05-21 01:42:36,005 [INFO]  * Restarting with stat
2025-05-21 01:42:36,209 [WARNING]  * Debugger is active!
2025-05-21 01:42:36,211 [INFO]  * Debugger PIN: 686-268-354
2025-05-21 01:44:47,191 [INFO] User admin logged in.
2025-05-21 01:44:47,192 [INFO] 127.0.0.1 - - [21/May/2025 01:44:47] "POST /login HTTP/1.1" 200 -
2025-05-21 01:44:47,200 [INFO] admin accessed /calculate-mortgage
2025-05-21 01:44:47,780 [INFO] 127.0.0.1 - - [21/May/2025 01:44:47] "POST /calculate-mortgage HTTP/1.1" 200 -
